SF:lib\src\open_meteo_api_client.dart
DA:19,1
DA:21,1
DA:29,1
DA:30,1
DA:35,1
DA:42,2
DA:44,3
DA:46,2
DA:48,2
DA:50,1
DA:52,2
DA:54,2
DA:58,1
DA:62,1
DA:63,1
DA:64,1
DA:68,1
DA:74,2
DA:76,3
DA:78,2
DA:80,1
DA:81,1
DA:84,1
DA:86,1
LF:24
LH:24
end_of_record
SF:lib\src\models\location.dart
DA:7,2
DA:19,2
DA:20,2
LF:3
LH:3
end_of_record
SF:lib\src\models\location.g.dart
DA:11,4
DA:14,2
DA:15,2
DA:16,4
DA:17,4
DA:18,6
DA:19,6
LF:7
LH:7
end_of_record
SF:lib\src\models\weather.dart
DA:7,2
DA:13,2
DA:14,2
LF:3
LH:3
end_of_record
SF:lib\src\models\weather.g.dart
DA:11,4
DA:14,2
DA:15,2
DA:17,6
DA:19,6
LF:5
LH:5
end_of_record
